<?xml version="1.0" encoding="UTF-8"?>
<!-- Generated by org.testng.reporters.JUnitReportReporter -->
<testsuite skipped="0" hostname="T440p" name="com.qaprosoft.carina.demo.API_CreateUserCucumberTest" tests="1" failures="0" timestamp="22 Jan 2020 09:15:36 GMT" time="3.388" errors="0">
  <testcase name="feature" time="3.388" classname="com.qaprosoft.carina.demo.API_CreateUserCucumberTest"/>
</testsuite> <!-- com.qaprosoft.carina.demo.API_CreateUserCucumberTest -->
